
ROM used: 102 (1%)
          102 (1%) including unused fragments

          0 Average locations per line
          11 Average locations per statement

RAM used: 14 (4%) at main() level
          15 (4%) worst case

Stack used: 1 worst case (out of 8 total available)

Lines Stmts  %   Files
----- ----- ---  -----
   55     9 100  pwm_01.c
  326     0   0  ..\..\..\..\..\Program Files (x86)\PICC\Devices\16F877A.h
----- -----
  381     9 Total

Page ROM  %  RAM   Vol Diff  Functions:
---- --- --- ---   --- ----  ----------
0     15  15   1   377  5.6  @delay_us1
0     83  81   1   204  4.0  main

Program metrics:
    Functions               2
    Statements              9
    Comments                79
    Volume (V)              689
    Difficilty (D)          9.7
    Effort to implement (E) 6654
    Time to implement (T)   6 minutes
    Est Delivered Bugs (B)  0
    Cyclomatic Complexity   4
    Maintainability (MI)    100

 Segment     Used  Free
-----------  ----  ----
00000-00003     4  0  
00004-007FF    98  1946  
00800-00FFF     0  2048  
01000-017FF     0  2048  
01800-01FFF     0  2048  



