
ROM used: 106 (5%)
          106 (5%) including unused fragments

          0 Average locations per line
          6 Average locations per statement

RAM used: 13 (6%) at main() level
          14 (6%) worst case

Stack used: 1 worst case (out of 8 total available)

Lines Stmts  %   Files
----- ----- ---  -----
   56    18 100  pwm_dente_serra.c
  222     0   0  ..\..\..\..\..\Program Files (x86)\PICC\Devices\16F628A.h
----- -----
  278    18 Total

Page ROM  %  RAM   Vol Diff  Functions:
---- --- --- ---   --- ----  ----------
0     20  19   1             @delay_us1
0     82  77   1   377  5.6  main

Program metrics:
    Functions               1
    Statements              18
    Comments                68
    Volume (V)              380
    Difficilty (D)          5.4
    Effort to implement (E) 2058
    Time to implement (T)   2 minutes
    Est Delivered Bugs (B)  0
    Cyclomatic Complexity   3
    Maintainability (MI)    103

 Segment     Used  Free
-----------  ----  ----
00000-00003     4  0  
00004-007FF   102  1942  



