
ROM used: 283 (3%)
          283 (3%) including unused fragments

          1 Average locations per line
          8 Average locations per statement

RAM used: 16 (4%) at main() level
          25 (7%) worst case

Stack used: 3 worst case (out of 8 total available)

Lines Stmts  %   Files
----- ----- ---  -----
   74    35 100  rx_serial-lm35.c
  326     0   0  ..\..\..\..\..\..\..\Program Files (x86)\PICC\Devices\16F877A.h
----- -----
  400    35 Total

Page ROM  %  RAM   Vol Diff  Functions:
---- --- --- ---   --- ----  ----------
0     47  17   4   503  3.3  RDA_isr
0    108  38   0   338  2.7  MAIN
0     21   7   3             @DIV88
0     58  20   2             @PRINTF_U_1200_62_63

Program metrics:
    Functions               2
    Statements              35
    Comments                78
    Volume (V)              997
    Difficilty (D)          5.9
    Effort to implement (E) 5885
    Time to implement (T)   5 minutes
    Est Delivered Bugs (B)  0
    Cyclomatic Complexity   5
    Maintainability (MI)    79

 Segment     Used  Free
-----------  ----  ----
00000-00003     4  0  
00004-00030    45  0  
00031-007FF   234  1765  
00800-00FFF     0  2048  
01000-017FF     0  2048  
01800-01FFF     0  2048  



