
ROM used: 137 (2%)
          137 (2%) including unused fragments

          0 Average locations per line
          9 Average locations per statement

RAM used: 8 (2%) at main() level
          9 (2%) worst case

Stack used: 1 worst case (out of 8 total available)

Lines Stmts  %   Files
----- ----- ---  -----
   46    15 100  analogico_pot.c
  326     0   0  ..\..\..\..\..\..\..\Program Files (x86)\PICC\Devices\16F877A.h
----- -----
  372    15 Total

Page ROM  %  RAM   Vol Diff  Functions:
---- --- --- ---   --- ----  ----------
0     22  16   1             @delay_ms1
0    111  81   2   377  3.3  main

Program metrics:
    Functions               1
    Statements              15
    Comments                77
    Volume (V)              380
    Difficilty (D)          3.2
    Effort to implement (E) 1219
    Time to implement (T)   1 minutes
    Est Delivered Bugs (B)  0
    Cyclomatic Complexity   1
    Maintainability (MI)    139

 Segment     Used  Free
-----------  ----  ----
00000-00003     4  0  
00004-007FF   133  1911  
00800-00FFF     0  2048  
01000-017FF     0  2048  
01800-01FFF     0  2048  



