
ROM used: 126 (2%)
          126 (2%) including unused fragments

          0 Average locations per line
          5 Average locations per statement

RAM used: 10 (3%) at main() level
          11 (3%) worst case

Stack used: 1 worst case (out of 8 total available)

Lines Stmts  %   Files
----- ----- ---  -----
   63    24 100  tx_serial-lm35.c
  326     0   0  ..\..\..\..\..\..\..\Program Files (x86)\PICC\Devices\16F877A.h
----- -----
  389    24 Total

Page ROM  %  RAM   Vol Diff  Functions:
---- --- --- ---   --- ----  ----------
0     20  16   1             @delay_ms1
0    102  81   5   673  4.6  main

Program metrics:
    Functions               1
    Statements              24
    Comments                77
    Volume (V)              675
    Difficilty (D)          4.5
    Effort to implement (E) 3039
    Time to implement (T)   3 minutes
    Est Delivered Bugs (B)  0
    Cyclomatic Complexity   1
    Maintainability (MI)    128

 Segment     Used  Free
-----------  ----  ----
00000-00003     4  0  
00004-007FF   122  1922  
00800-00FFF     0  2048  
01000-017FF     0  2048  
01800-01FFF     0  2048  



