
ROM used: 305 (4%)
          305 (4%) including unused fragments

          1 Average locations per line
          22 Average locations per statement

RAM used: 7 (2%) at main() level
          12 (3%) worst case

Stack used: 2 worst case (out of 8 total available)

Lines Stmts  %   Files
----- ----- ---  -----
   47    14 100  rx_lm35_inte.c
  326     0   0  ..\..\..\..\..\..\..\Program Files (x86)\PICC\Devices\16F877A.h
----- -----
  373    14 Total

Page ROM  %  RAM   Vol Diff  Functions:
---- --- --- ---   --- ----  ----------
0     22   7   1             @delay_ms1
0     55  18   1   188  3.6  @GETCH_1_
0     43  14   1   375  2.8  @PUTCHAR_2_
0    105  34   0   354  3.2  main
0     21   7   3   290  4.1  @DIV88
0     55  18   2   145  2.8  @PRINTF_U_72

Program metrics:
    Functions               5
    Statements              14
    Comments                77
    Volume (V)              1957
    Difficilty (D)          16.5
    Effort to implement (E) 32201
    Time to implement (T)   30 minutes
    Est Delivered Bugs (B)  0
    Cyclomatic Complexity   7
    Maintainability (MI)    113

 Segment     Used  Free
-----------  ----  ----
00000-00003     4  0  
00004-007FF   301  1743  
00800-00FFF     0  2048  
01000-017FF     0  2048  
01800-01FFF     0  2048  



