
ROM used: 150 (2%)
          150 (2%) including unused fragments

          0 Average locations per line
          11 Average locations per statement

RAM used: 13 (4%) at main() level
          14 (4%) worst case

Stack used: 1 worst case (out of 8 total available)

Lines Stmts  %   Files
----- ----- ---  -----
   50    14 100  rx_serial_lm35.c
  326     0   0  ..\..\..\..\..\..\..\Program Files (x86)\PICC\Devices\16F877A.h
----- -----
  376    14 Total

Page ROM  %  RAM   Vol Diff  Functions:
---- --- --- ---   --- ----  ----------
0     10   7   1    22  1.1  RDA_isr
0     91  61   0   285  2.8  MAIN

Program metrics:
    Functions               2
    Statements              14
    Comments                77
    Volume (V)              343
    Difficilty (D)          4.1
    Effort to implement (E) 1398
    Time to implement (T)   1 minutes
    Est Delivered Bugs (B)  0
    Cyclomatic Complexity   1
    Maintainability (MI)    103

 Segment     Used  Free
-----------  ----  ----
00000-00003     4  0  
00004-00030    45  0  
00031-007FF   101  1898  
00800-00FFF     0  2048  
01000-017FF     0  2048  
01800-01FFF     0  2048  



