
ROM used: 575 (7%)
          575 (7%) including unused fragments

          1 Average locations per line
          7 Average locations per statement

RAM used: 19 (5%) at main() level
          23 (6%) worst case

Stack used: 2 worst case (out of 8 total available)

Lines Stmts  %   Files
----- ----- ---  -----
  135    77 100  serial_dth11.c
  326     0   0  ..\..\..\..\..\..\..\Program Files (x86)\PICC\Devices\16F877A.h
----- -----
  461    77 Total

Page ROM  %  RAM   Vol Diff  Functions:
---- --- --- ---   --- ----  ----------
0     20   3   1             @delay_ms1
0     19   3   0   106  1.3  start_sinal
0     23   4   0   127  2.5  testa_resposta
0     79  14   4   705  7.7  leitor_dados
0    251  44   7  1253  6.8  MAIN
0     21   4   3             @DIV88
0     12   2   0             @const92
0     80  14   4             @PSTRINGCN7_9600_62_63
0     56  10   2             @PRINTF_U_9600_62_63
0     10   2   0             @const98

Program metrics:
    Functions               4
    Statements              77
    Comments                104
    Volume (V)              2785
    Difficilty (D)          17.8
    Effort to implement (E) 49701
    Time to implement (T)   46 minutes
    Est Delivered Bugs (B)  0
    Cyclomatic Complexity   10
    Maintainability (MI)    138

 Segment     Used  Free
-----------  ----  ----
00000-00003     4  0  
00004-007FF   571  1473  
00800-00FFF     0  2048  
01000-017FF     0  2048  
01800-01FFF     0  2048  



