
ROM used: 934 (11%)
          934 (11%) including unused fragments

          2 Average locations per line
          10 Average locations per statement

RAM used: 12 (3%) at main() level
          38 (10%) worst case

Stack used: 5 worst case (out of 8 total available)

Lines Stmts  %   Files
----- ----- ---  -----
   69    21  23  lcd_ola.c
  326     0   0  ..\..\..\..\..\..\..\Program Files (x86)\PICC\Devices\16F877A.h
  165    72  77  ..\..\..\..\..\..\..\Program Files (x86)\PICC\Drivers\mod_lcd.c
----- -----
  560    93 Total

Page ROM  %  RAM   Vol Diff  Functions:
---- --- --- ---   --- ----  ----------
0     20   2   1             @delay_ms1
0      8   1   0             @const66
0     43   5   1   260  1.9  lcd_envia_nibble
0     33   4   3   176  2.7  lcd_envia_byte
0     65   7   2   433  4.3  lcd_ini
0     18   2   4   186  5.5  lcd_pos_xy
0     40   4   1   290  4.1  lcd_escreve
0    177  19   6   619  3.7  MAIN
0     31   3   2             @ITOF
0    117  13  13             @MULFF
0      7   1   0             @const97
0     72   8   3             @PSTRINGC7_82
 Inline        5             @FTOSD
0     66   7  13             @DIV3232
0    233  25  13             @PRINTF_L32D_82FPFPF

Program metrics:
    Functions               6
    Statements              93
    Comments                123
    Volume (V)              2900
    Difficilty (D)          20.9
    Effort to implement (E) 60688
    Time to implement (T)   56 minutes
    Est Delivered Bugs (B)  1
    Cyclomatic Complexity   8
    Maintainability (MI)    128

 Segment     Used  Free
-----------  ----  ----
00000-00003     4  0  
00004-007FF   930  1114  
00800-00FFF     0  2048  
01000-017FF     0  2048  
01800-01FFF     0  2048  



