
ROM used: 188 (2%)
          188 (2%) including unused fragments

          0 Average locations per line
          10 Average locations per statement

RAM used: 15 (4%) at main() level
          15 (4%) worst case

Stack used: 1 worst case (out of 8 total available)

Lines Stmts  %   Files
----- ----- ---  -----
   41    19 100  pwm_serra.c
   17     0   0  pwm_serra.h
  326     0   0  ..\..\..\..\..\Program Files (x86)\PICC\Devices\16F877A.h
----- -----
  384    19 Total

Page ROM  %  RAM   Vol Diff  Functions:
---- --- --- ---   --- ----  ----------
0     41  22   0   119  3.0  TIMER1_isr
0     98  52   0   323  2.3  MAIN

Program metrics:
    Functions               2
    Statements              19
    Comments                76
    Volume (V)              521
    Difficilty (D)          5.5
    Effort to implement (E) 2856
    Time to implement (T)   3 minutes
    Est Delivered Bugs (B)  0
    Cyclomatic Complexity   1
    Maintainability (MI)    99

 Segment     Used  Free
-----------  ----  ----
00000-00003     4  0  
00004-00030    45  0  
00031-007FF   139  1860  
00800-00FFF     0  2048  
01000-017FF     0  2048  
01800-01FFF     0  2048  



