
ROM used: 286 (3%)
          286 (3%) including unused fragments

          1 Average locations per line
          6 Average locations per statement

RAM used: 16 (4%) at main() level
          18 (5%) worst case

Stack used: 1 worst case (out of 8 total available)

Lines Stmts  %   Files
----- ----- ---  -----
   92    44 100  le_poten_serial.c
  326     0   0  ..\..\..\..\..\..\..\Program Files (x86)\PICC\Devices\16F877A.h
----- -----
  418    44 Total

Page ROM  %  RAM   Vol Diff  Functions:
---- --- --- ---   --- ----  ----------
0     20   7   1             @delay_ms1
0    241  84  10  1654  5.1  main
0     21   7   3             @DIV88

Program metrics:
    Functions               1
    Statements              44
    Comments                79
    Volume (V)              1659
    Difficilty (D)          5.0
    Effort to implement (E) 8295
    Time to implement (T)   8 minutes
    Est Delivered Bugs (B)  0
    Cyclomatic Complexity   1
    Maintainability (MI)    118

 Segment     Used  Free
-----------  ----  ----
00000-00003     4  0  
00004-007FF   282  1762  
00800-00FFF     0  2048  
01000-017FF     0  2048  
01800-01FFF     0  2048  



